E:\C代码\比特64班\20190725\20190725\DEBUG\TEST.OBJ
E:\C代码\比特64班\20190725\20190725\DEBUG\VC110.PDB
E:\C代码\比特64班\20190725\20190725\DEBUG\ADD.OBJ
E:\C代码\比特64班\20190725\DEBUG\20190725.ILK
E:\C代码\比特64班\20190725\DEBUG\20190725.EXE
E:\C代码\比特64班\20190725\DEBUG\20190725.PDB
E:\C代码\比特64班\20190725\20190725\Debug\add.obj
E:\C代码\比特64班\20190725\20190725\Debug\test.obj
E:\C代码\比特64班\20190725\20190725\Debug\cl.command.1.tlog
E:\C代码\比特64班\20190725\20190725\Debug\CL.read.1.tlog
E:\C代码\比特64班\20190725\20190725\Debug\CL.write.1.tlog
E:\C代码\比特64班\20190725\20190725\Debug\link-cvtres.read.1.tlog
E:\C代码\比特64班\20190725\20190725\Debug\link-cvtres.write.1.tlog
E:\C代码\比特64班\20190725\20190725\Debug\link-rc.read.1.tlog
E:\C代码\比特64班\20190725\20190725\Debug\link-rc.write.1.tlog
E:\C代码\比特64班\20190725\20190725\Debug\link.15784-cvtres.read.1.tlog
E:\C代码\比特64班\20190725\20190725\Debug\link.15784-cvtres.write.1.tlog
E:\C代码\比特64班\20190725\20190725\Debug\link.15784-rc.read.1.tlog
E:\C代码\比特64班\20190725\20190725\Debug\link.15784-rc.write.1.tlog
E:\C代码\比特64班\20190725\20190725\Debug\link.15784.read.1.tlog
E:\C代码\比特64班\20190725\20190725\Debug\link.15784.write.1.tlog
E:\C代码\比特64班\20190725\20190725\Debug\link.2232-cvtres.read.1.tlog
E:\C代码\比特64班\20190725\20190725\Debug\link.2232-cvtres.write.1.tlog
E:\C代码\比特64班\20190725\20190725\Debug\link.2232-rc.read.1.tlog
E:\C代码\比特64班\20190725\20190725\Debug\link.2232-rc.write.1.tlog
E:\C代码\比特64班\20190725\20190725\Debug\link.2232.read.1.tlog
E:\C代码\比特64班\20190725\20190725\Debug\link.2232.write.1.tlog
E:\C代码\比特64班\20190725\20190725\Debug\link.command.1.tlog
E:\C代码\比特64班\20190725\20190725\Debug\link.read.1.tlog
E:\C代码\比特64班\20190725\20190725\Debug\link.write.1.tlog
E:\C代码\比特64班\20190725\20190725\Debug\vc110.idb
E:\C代码\比特64班\20190725\20190725\Debug\vc110.pdb
E:\C代码\比特64班\20190725\Debug\20190725.pdb
E:\C代码\比特64班\20190725\Debug\20190725.exe
E:\C代码\比特64班\20190725\Debug\20190725.ilk
