E:\C代码\比特64班\20190724\20190724\DEBUG\TEST.OBJ
E:\C代码\比特64班\20190724\20190724\DEBUG\VC110.PDB
E:\C代码\比特64班\20190724\DEBUG\20190724.ILK
E:\C代码\比特64班\20190724\DEBUG\20190724.EXE
E:\C代码\比特64班\20190724\DEBUG\20190724.PDB
E:\C代码\比特64班\20190724\20190724\Debug\test.obj
E:\C代码\比特64班\20190724\20190724\Debug\cl.command.1.tlog
E:\C代码\比特64班\20190724\20190724\Debug\CL.read.1.tlog
E:\C代码\比特64班\20190724\20190724\Debug\CL.write.1.tlog
E:\C代码\比特64班\20190724\20190724\Debug\link-cvtres.read.1.tlog
E:\C代码\比特64班\20190724\20190724\Debug\link-cvtres.write.1.tlog
E:\C代码\比特64班\20190724\20190724\Debug\link-rc.read.1.tlog
E:\C代码\比特64班\20190724\20190724\Debug\link-rc.write.1.tlog
E:\C代码\比特64班\20190724\20190724\Debug\link.14760-cvtres.read.1.tlog
E:\C代码\比特64班\20190724\20190724\Debug\link.14760-cvtres.write.1.tlog
E:\C代码\比特64班\20190724\20190724\Debug\link.14760-rc.read.1.tlog
E:\C代码\比特64班\20190724\20190724\Debug\link.14760-rc.write.1.tlog
E:\C代码\比特64班\20190724\20190724\Debug\link.14760.read.1.tlog
E:\C代码\比特64班\20190724\20190724\Debug\link.14760.write.1.tlog
E:\C代码\比特64班\20190724\20190724\Debug\link.17720-cvtres.read.1.tlog
E:\C代码\比特64班\20190724\20190724\Debug\link.17720-cvtres.write.1.tlog
E:\C代码\比特64班\20190724\20190724\Debug\link.17720-rc.read.1.tlog
E:\C代码\比特64班\20190724\20190724\Debug\link.17720-rc.write.1.tlog
E:\C代码\比特64班\20190724\20190724\Debug\link.17720.read.1.tlog
E:\C代码\比特64班\20190724\20190724\Debug\link.17720.write.1.tlog
E:\C代码\比特64班\20190724\20190724\Debug\link.5856-cvtres.read.1.tlog
E:\C代码\比特64班\20190724\20190724\Debug\link.5856-cvtres.write.1.tlog
E:\C代码\比特64班\20190724\20190724\Debug\link.5856-rc.read.1.tlog
E:\C代码\比特64班\20190724\20190724\Debug\link.5856-rc.write.1.tlog
E:\C代码\比特64班\20190724\20190724\Debug\link.5856.read.1.tlog
E:\C代码\比特64班\20190724\20190724\Debug\link.5856.write.1.tlog
E:\C代码\比特64班\20190724\20190724\Debug\link.command.1.tlog
E:\C代码\比特64班\20190724\20190724\Debug\link.read.1.tlog
E:\C代码\比特64班\20190724\20190724\Debug\link.write.1.tlog
E:\C代码\比特64班\20190724\20190724\Debug\vc110.idb
E:\C代码\比特64班\20190724\20190724\Debug\vc110.pdb
E:\C代码\比特64班\20190724\Debug\20190724.pdb
E:\C代码\比特64班\20190724\Debug\20190724.exe
E:\C代码\比特64班\20190724\Debug\20190724.ilk
