E:\C代码\比特64班\20190716\20190716\DEBUG\TEST.OBJ
E:\C代码\比特64班\20190716\20190716\DEBUG\TEST2.OBJ
E:\C代码\比特64班\20190716\20190716\DEBUG\VC110.PDB
E:\C代码\比特64班\20190716\DEBUG\20190716.ILK
E:\C代码\比特64班\20190716\DEBUG\20190716.EXE
E:\C代码\比特64班\20190716\DEBUG\20190716.PDB
E:\C代码\比特64班\20190716\20190716\Debug\test.obj
E:\C代码\比特64班\20190716\20190716\Debug\test2.obj
E:\C代码\比特64班\20190716\20190716\Debug\cl.command.1.tlog
E:\C代码\比特64班\20190716\20190716\Debug\CL.read.1.tlog
E:\C代码\比特64班\20190716\20190716\Debug\CL.write.1.tlog
E:\C代码\比特64班\20190716\20190716\Debug\link-cvtres.read.1.tlog
E:\C代码\比特64班\20190716\20190716\Debug\link-cvtres.write.1.tlog
E:\C代码\比特64班\20190716\20190716\Debug\link-rc.read.1.tlog
E:\C代码\比特64班\20190716\20190716\Debug\link-rc.write.1.tlog
E:\C代码\比特64班\20190716\20190716\Debug\link.command.1.tlog
E:\C代码\比特64班\20190716\20190716\Debug\link.read.1.tlog
E:\C代码\比特64班\20190716\20190716\Debug\link.write.1.tlog
E:\C代码\比特64班\20190716\20190716\Debug\vc110.idb
E:\C代码\比特64班\20190716\20190716\Debug\vc110.pdb
E:\C代码\比特64班\20190716\Debug\20190716.pdb
E:\C代码\比特64班\20190716\Debug\20190716.exe
E:\C代码\比特64班\20190716\Debug\20190716.ilk
