E:\C代码\比特64班\20190726\20190726\DEBUG\TEST.OBJ
E:\C代码\比特64班\20190726\20190726\DEBUG\VC110.PDB
E:\C代码\比特64班\20190726\DEBUG\20190726.ILK
E:\C代码\比特64班\20190726\DEBUG\20190726.EXE
E:\C代码\比特64班\20190726\DEBUG\20190726.PDB
E:\C代码\比特64班\20190726\20190726\Debug\test.obj
E:\C代码\比特64班\20190726\20190726\Debug\cl.command.1.tlog
E:\C代码\比特64班\20190726\20190726\Debug\CL.read.1.tlog
E:\C代码\比特64班\20190726\20190726\Debug\CL.write.1.tlog
E:\C代码\比特64班\20190726\20190726\Debug\link-cvtres.read.1.tlog
E:\C代码\比特64班\20190726\20190726\Debug\link-cvtres.write.1.tlog
E:\C代码\比特64班\20190726\20190726\Debug\link-rc.read.1.tlog
E:\C代码\比特64班\20190726\20190726\Debug\link-rc.write.1.tlog
E:\C代码\比特64班\20190726\20190726\Debug\link.10272-cvtres.read.1.tlog
E:\C代码\比特64班\20190726\20190726\Debug\link.10272-cvtres.write.1.tlog
E:\C代码\比特64班\20190726\20190726\Debug\link.10272-rc.read.1.tlog
E:\C代码\比特64班\20190726\20190726\Debug\link.10272-rc.write.1.tlog
E:\C代码\比特64班\20190726\20190726\Debug\link.10272.read.1.tlog
E:\C代码\比特64班\20190726\20190726\Debug\link.10272.write.1.tlog
E:\C代码\比特64班\20190726\20190726\Debug\link.19392-cvtres.read.1.tlog
E:\C代码\比特64班\20190726\20190726\Debug\link.19392-cvtres.write.1.tlog
E:\C代码\比特64班\20190726\20190726\Debug\link.19392-rc.read.1.tlog
E:\C代码\比特64班\20190726\20190726\Debug\link.19392-rc.write.1.tlog
E:\C代码\比特64班\20190726\20190726\Debug\link.19392.read.1.tlog
E:\C代码\比特64班\20190726\20190726\Debug\link.19392.write.1.tlog
E:\C代码\比特64班\20190726\20190726\Debug\link.4916-cvtres.read.1.tlog
E:\C代码\比特64班\20190726\20190726\Debug\link.4916-cvtres.write.1.tlog
E:\C代码\比特64班\20190726\20190726\Debug\link.4916-rc.read.1.tlog
E:\C代码\比特64班\20190726\20190726\Debug\link.4916-rc.write.1.tlog
E:\C代码\比特64班\20190726\20190726\Debug\link.4916.read.1.tlog
E:\C代码\比特64班\20190726\20190726\Debug\link.4916.write.1.tlog
E:\C代码\比特64班\20190726\20190726\Debug\link.command.1.tlog
E:\C代码\比特64班\20190726\20190726\Debug\link.read.1.tlog
E:\C代码\比特64班\20190726\20190726\Debug\link.write.1.tlog
E:\C代码\比特64班\20190726\20190726\Debug\vc110.idb
E:\C代码\比特64班\20190726\20190726\Debug\vc110.pdb
E:\C代码\比特64班\20190726\Debug\20190726.pdb
E:\C代码\比特64班\20190726\Debug\20190726.exe
E:\C代码\比特64班\20190726\Debug\20190726.ilk
