E:\C代码\比特64班\20190730\20190730\DEBUG\TEST.OBJ
E:\C代码\比特64班\20190730\20190730\DEBUG\VC110.PDB
E:\C代码\比特64班\20190730\DEBUG\20190730.ILK
E:\C代码\比特64班\20190730\DEBUG\20190730.EXE
E:\C代码\比特64班\20190730\DEBUG\20190730.PDB
E:\C代码\比特64班\20190730\20190730\Debug\test.obj
E:\C代码\比特64班\20190730\20190730\Debug\cl.command.1.tlog
E:\C代码\比特64班\20190730\20190730\Debug\CL.read.1.tlog
E:\C代码\比特64班\20190730\20190730\Debug\CL.write.1.tlog
E:\C代码\比特64班\20190730\20190730\Debug\link-cvtres.read.1.tlog
E:\C代码\比特64班\20190730\20190730\Debug\link-cvtres.write.1.tlog
E:\C代码\比特64班\20190730\20190730\Debug\link-rc.read.1.tlog
E:\C代码\比特64班\20190730\20190730\Debug\link-rc.write.1.tlog
E:\C代码\比特64班\20190730\20190730\Debug\link.command.1.tlog
E:\C代码\比特64班\20190730\20190730\Debug\link.read.1.tlog
E:\C代码\比特64班\20190730\20190730\Debug\link.write.1.tlog
E:\C代码\比特64班\20190730\20190730\Debug\vc110.idb
E:\C代码\比特64班\20190730\20190730\Debug\vc110.pdb
E:\C代码\比特64班\20190730\Debug\20190730.pdb
E:\C代码\比特64班\20190730\Debug\20190730.exe
E:\C代码\比特64班\20190730\Debug\20190730.ilk
