E:\C代码\比特64班\20190718\20190718\DEBUG\TEST.OBJ
E:\C代码\比特64班\20190718\20190718\DEBUG\VC110.PDB
E:\C代码\比特64班\20190718\DEBUG\20190718.ILK
E:\C代码\比特64班\20190718\DEBUG\20190718.EXE
E:\C代码\比特64班\20190718\DEBUG\20190718.PDB
E:\C代码\比特64班\20190718\20190718\Debug\test.obj
E:\C代码\比特64班\20190718\20190718\Debug\cl.command.1.tlog
E:\C代码\比特64班\20190718\20190718\Debug\CL.read.1.tlog
E:\C代码\比特64班\20190718\20190718\Debug\CL.write.1.tlog
E:\C代码\比特64班\20190718\20190718\Debug\link-cvtres.read.1.tlog
E:\C代码\比特64班\20190718\20190718\Debug\link-cvtres.write.1.tlog
E:\C代码\比特64班\20190718\20190718\Debug\link-rc.read.1.tlog
E:\C代码\比特64班\20190718\20190718\Debug\link-rc.write.1.tlog
E:\C代码\比特64班\20190718\20190718\Debug\link.command.1.tlog
E:\C代码\比特64班\20190718\20190718\Debug\link.read.1.tlog
E:\C代码\比特64班\20190718\20190718\Debug\link.write.1.tlog
E:\C代码\比特64班\20190718\20190718\Debug\vc110.idb
E:\C代码\比特64班\20190718\20190718\Debug\vc110.pdb
E:\C代码\比特64班\20190718\Debug\20190718.pdb
E:\C代码\比特64班\20190718\Debug\20190718.exe
E:\C代码\比特64班\20190718\Debug\20190718.ilk
