E:\C代码\比特64班\20190720\20190720\DEBUG\TEST.OBJ
E:\C代码\比特64班\20190720\20190720\DEBUG\VC110.PDB
E:\C代码\比特64班\20190720\DEBUG\20190720.ILK
E:\C代码\比特64班\20190720\DEBUG\20190720.EXE
E:\C代码\比特64班\20190720\DEBUG\20190720.PDB
E:\C代码\比特64班\20190720\20190720\Debug\test.obj
E:\C代码\比特64班\20190720\20190720\Debug\cl.command.1.tlog
E:\C代码\比特64班\20190720\20190720\Debug\CL.read.1.tlog
E:\C代码\比特64班\20190720\20190720\Debug\CL.write.1.tlog
E:\C代码\比特64班\20190720\20190720\Debug\link-cvtres.read.1.tlog
E:\C代码\比特64班\20190720\20190720\Debug\link-cvtres.write.1.tlog
E:\C代码\比特64班\20190720\20190720\Debug\link-rc.read.1.tlog
E:\C代码\比特64班\20190720\20190720\Debug\link-rc.write.1.tlog
E:\C代码\比特64班\20190720\20190720\Debug\link.8248-cvtres.read.1.tlog
E:\C代码\比特64班\20190720\20190720\Debug\link.8248-cvtres.write.1.tlog
E:\C代码\比特64班\20190720\20190720\Debug\link.8248-rc.read.1.tlog
E:\C代码\比特64班\20190720\20190720\Debug\link.8248-rc.write.1.tlog
E:\C代码\比特64班\20190720\20190720\Debug\link.8248.read.1.tlog
E:\C代码\比特64班\20190720\20190720\Debug\link.8248.write.1.tlog
E:\C代码\比特64班\20190720\20190720\Debug\link.command.1.tlog
E:\C代码\比特64班\20190720\20190720\Debug\link.read.1.tlog
E:\C代码\比特64班\20190720\20190720\Debug\link.write.1.tlog
E:\C代码\比特64班\20190720\20190720\Debug\vc110.idb
E:\C代码\比特64班\20190720\20190720\Debug\vc110.pdb
E:\C代码\比特64班\20190720\Debug\20190720.pdb
E:\C代码\比特64班\20190720\Debug\20190720.exe
E:\C代码\比特64班\20190720\Debug\20190720.ilk
