E:\C代码\比特64班\20190728\20190728\DEBUG\TEST.OBJ
E:\C代码\比特64班\20190728\20190728\DEBUG\VC110.PDB
E:\C代码\比特64班\20190728\DEBUG\20190728.ILK
E:\C代码\比特64班\20190728\DEBUG\20190728.EXE
E:\C代码\比特64班\20190728\DEBUG\20190728.PDB
E:\C代码\比特64班\20190728\20190728\Debug\test.obj
E:\C代码\比特64班\20190728\20190728\Debug\cl.command.1.tlog
E:\C代码\比特64班\20190728\20190728\Debug\CL.read.1.tlog
E:\C代码\比特64班\20190728\20190728\Debug\CL.write.1.tlog
E:\C代码\比特64班\20190728\20190728\Debug\link-cvtres.read.1.tlog
E:\C代码\比特64班\20190728\20190728\Debug\link-cvtres.write.1.tlog
E:\C代码\比特64班\20190728\20190728\Debug\link-rc.read.1.tlog
E:\C代码\比特64班\20190728\20190728\Debug\link-rc.write.1.tlog
E:\C代码\比特64班\20190728\20190728\Debug\link.9016-cvtres.read.1.tlog
E:\C代码\比特64班\20190728\20190728\Debug\link.9016-cvtres.write.1.tlog
E:\C代码\比特64班\20190728\20190728\Debug\link.9016-rc.read.1.tlog
E:\C代码\比特64班\20190728\20190728\Debug\link.9016-rc.write.1.tlog
E:\C代码\比特64班\20190728\20190728\Debug\link.9016.read.1.tlog
E:\C代码\比特64班\20190728\20190728\Debug\link.9016.write.1.tlog
E:\C代码\比特64班\20190728\20190728\Debug\link.command.1.tlog
E:\C代码\比特64班\20190728\20190728\Debug\link.read.1.tlog
E:\C代码\比特64班\20190728\20190728\Debug\link.write.1.tlog
E:\C代码\比特64班\20190728\20190728\Debug\vc110.idb
E:\C代码\比特64班\20190728\20190728\Debug\vc110.pdb
E:\C代码\比特64班\20190728\Debug\20190728.pdb
E:\C代码\比特64班\20190728\Debug\20190728.exe
E:\C代码\比特64班\20190728\Debug\20190728.ilk
