E:\C代码\比特64班\20190717\20190717\DEBUG\TEST.OBJ
E:\C代码\比特64班\20190717\20190717\DEBUG\VC110.PDB
E:\C代码\比特64班\20190717\DEBUG\20190717.ILK
E:\C代码\比特64班\20190717\DEBUG\20190717.EXE
E:\C代码\比特64班\20190717\DEBUG\20190717.PDB
E:\C代码\比特64班\20190717\20190717\Debug\test.obj
E:\C代码\比特64班\20190717\20190717\Debug\cl.command.1.tlog
E:\C代码\比特64班\20190717\20190717\Debug\CL.read.1.tlog
E:\C代码\比特64班\20190717\20190717\Debug\CL.write.1.tlog
E:\C代码\比特64班\20190717\20190717\Debug\link-cvtres.read.1.tlog
E:\C代码\比特64班\20190717\20190717\Debug\link-cvtres.write.1.tlog
E:\C代码\比特64班\20190717\20190717\Debug\link-rc.read.1.tlog
E:\C代码\比特64班\20190717\20190717\Debug\link-rc.write.1.tlog
E:\C代码\比特64班\20190717\20190717\Debug\link.10792-cvtres.read.1.tlog
E:\C代码\比特64班\20190717\20190717\Debug\link.10792-cvtres.write.1.tlog
E:\C代码\比特64班\20190717\20190717\Debug\link.10792-rc.read.1.tlog
E:\C代码\比特64班\20190717\20190717\Debug\link.10792-rc.write.1.tlog
E:\C代码\比特64班\20190717\20190717\Debug\link.10792.read.1.tlog
E:\C代码\比特64班\20190717\20190717\Debug\link.10792.write.1.tlog
E:\C代码\比特64班\20190717\20190717\Debug\link.5856-cvtres.read.1.tlog
E:\C代码\比特64班\20190717\20190717\Debug\link.5856-cvtres.write.1.tlog
E:\C代码\比特64班\20190717\20190717\Debug\link.5856-rc.read.1.tlog
E:\C代码\比特64班\20190717\20190717\Debug\link.5856-rc.write.1.tlog
E:\C代码\比特64班\20190717\20190717\Debug\link.5856.read.1.tlog
E:\C代码\比特64班\20190717\20190717\Debug\link.5856.write.1.tlog
E:\C代码\比特64班\20190717\20190717\Debug\link.command.1.tlog
E:\C代码\比特64班\20190717\20190717\Debug\link.read.1.tlog
E:\C代码\比特64班\20190717\20190717\Debug\link.write.1.tlog
E:\C代码\比特64班\20190717\20190717\Debug\vc110.idb
E:\C代码\比特64班\20190717\20190717\Debug\vc110.pdb
E:\C代码\比特64班\20190717\Debug\20190717.pdb
E:\C代码\比特64班\20190717\Debug\20190717.exe
E:\C代码\比特64班\20190717\Debug\20190717.ilk
