E:\C代码\比特64班\20190715\20190715\DEBUG\TEST.OBJ
E:\C代码\比特64班\20190715\20190715\DEBUG\VC110.PDB
E:\C代码\比特64班\20190715\DEBUG\20190715.ILK
E:\C代码\比特64班\20190715\DEBUG\20190715.EXE
E:\C代码\比特64班\20190715\DEBUG\20190715.PDB
E:\C代码\比特64班\20190715\20190715\Debug\test.obj
E:\C代码\比特64班\20190715\20190715\Debug\cl.command.1.tlog
E:\C代码\比特64班\20190715\20190715\Debug\CL.read.1.tlog
E:\C代码\比特64班\20190715\20190715\Debug\CL.write.1.tlog
E:\C代码\比特64班\20190715\20190715\Debug\link-cvtres.read.1.tlog
E:\C代码\比特64班\20190715\20190715\Debug\link-cvtres.write.1.tlog
E:\C代码\比特64班\20190715\20190715\Debug\link-rc.read.1.tlog
E:\C代码\比特64班\20190715\20190715\Debug\link-rc.write.1.tlog
E:\C代码\比特64班\20190715\20190715\Debug\link.command.1.tlog
E:\C代码\比特64班\20190715\20190715\Debug\link.read.1.tlog
E:\C代码\比特64班\20190715\20190715\Debug\link.write.1.tlog
E:\C代码\比特64班\20190715\20190715\Debug\vc110.idb
E:\C代码\比特64班\20190715\20190715\Debug\vc110.pdb
E:\C代码\比特64班\20190715\Debug\20190715.pdb
E:\C代码\比特64班\20190715\Debug\20190715.exe
E:\C代码\比特64班\20190715\Debug\20190715.ilk
